<?xml version="1.0" encoding="UTF-8"?>
<testsuite name="ir.ac.kntu.style.AcademySystemTest" tests="5" skipped="0" failures="0" errors="0" timestamp="2026-05-29T10:07:40.202Z" hostname="AMOSOBI1GL502" time="0.026">
  <properties/>
  <testcase name="testDuplicateEnrollment()" classname="ir.ac.kntu.style.AcademySystemTest" time="0.02"/>
  <testcase name="testInvalidStudentOrCourse()" classname="ir.ac.kntu.style.AcademySystemTest" time="0.001"/>
  <testcase name="testCourseCapacityLimit()" classname="ir.ac.kntu.style.AcademySystemTest" time="0.0"/>
  <testcase name="testEnrollStudentInCourseSuccess()" classname="ir.ac.kntu.style.AcademySystemTest" time="0.0"/>
  <testcase name="testAddStudentAndCourse()" classname="ir.ac.kntu.style.AcademySystemTest" time="0.001"/>
  <system-out><![CDATA[]]></system-out>
  <system-err><![CDATA[]]></system-err>
</testsuite>
