<?xml version="1.0" encoding="UTF-8"?>
<testsuite name="ir.ac.kntu.style.CourseTest" tests="5" skipped="0" failures="0" errors="0" timestamp="2026-05-29T10:07:41.929Z" hostname="AMOSOBI1GL502" time="0.005">
  <properties/>
  <testcase name="testConstructorAndGetters()" classname="ir.ac.kntu.style.CourseTest" time="0.0"/>
  <testcase name="testEnrollStudentSuccess()" classname="ir.ac.kntu.style.CourseTest" time="0.001"/>
  <testcase name="testEnrollStudentOverCapacity()" classname="ir.ac.kntu.style.CourseTest" time="0.0"/>
  <testcase name="testStudentAlsoGetsCourse()" classname="ir.ac.kntu.style.CourseTest" time="0.001"/>
  <testcase name="testEnrollStudentDuplicate()" classname="ir.ac.kntu.style.CourseTest" time="0.001"/>
  <system-out><![CDATA[]]></system-out>
  <system-err><![CDATA[]]></system-err>
</testsuite>
