<?xml version="1.0" encoding="UTF-8"?>
<testsuite name="ir.ac.kntu.style.StudentTest" tests="5" skipped="0" failures="0" errors="0" timestamp="2026-05-29T10:07:41.936Z" hostname="AMOSOBI1GL502" time="0.006">
  <properties/>
  <testcase name="testMultipleCourses()" classname="ir.ac.kntu.style.StudentTest" time="0.001"/>
  <testcase name="testConstructorAndGetters()" classname="ir.ac.kntu.style.StudentTest" time="0.001"/>
  <testcase name="testAddCourseTwice()" classname="ir.ac.kntu.style.StudentTest" time="0.001"/>
  <testcase name="testAddCourseOnce()" classname="ir.ac.kntu.style.StudentTest" time="0.001"/>
  <testcase name="testSetName()" classname="ir.ac.kntu.style.StudentTest" time="0.0"/>
  <system-out><![CDATA[]]></system-out>
  <system-err><![CDATA[]]></system-err>
</testsuite>
